1548474414738	geckodriver	INFO	Listening on 127.0.0.1:1908
1548474417805	geckodriver::marionette	INFO	Starting browser D:\Program Files\Mozilla Firefox\firefox.exe with args ["-marionette"]
1548474420569	addons.webextension.screenshots@mozilla.org	WARN	Loading extension 'screenshots@mozilla.org': Reading manifest: Invalid host permission: resource://pdf.js/
1548474420569	addons.webextension.screenshots@mozilla.org	WARN	Loading extension 'screenshots@mozilla.org': Reading manifest: Invalid host permission: about:reader*
1548474420762	Marionette	DEBUG	Received observer notification profile-after-change
1548474420898	Marionette	DEBUG	Received observer notification toplevel-window-ready
1548474420975	Marionette	DEBUG	Received observer notification command-line-startup
1548474420976	Marionette	DEBUG	Received observer notification nsPref:changed
1548474420976	Marionette	DEBUG	Init aborted (running=false, enabled=true, finalUIStartup=false)
1548474421124	Marionette	DEBUG	Received observer notification toplevel-window-ready
1548474423544	Marionette	DEBUG	Received observer notification sessionstore-windows-restored
1548474423544	Marionette	DEBUG	Waiting for delayed startup...
1548474423990	Marionette	DEBUG	Setting recommended pref app.normandy.api_url to 
1548474423991	Marionette	DEBUG	Setting recommended pref app.update.disabledForTesting to true
1548474423991	Marionette	DEBUG	Setting recommended pref security.turn_off_all_security_so_that_viruses_can_take_over_this_computer to true
1548474423992	Marionette	DEBUG	Setting recommended pref browser.contentblocking.introCount to 99
1548474423992	Marionette	DEBUG	Setting recommended pref browser.safebrowsing.passwords.enabled to false
1548474423993	Marionette	DEBUG	Setting recommended pref browser.urlbar.suggest.searches to false
1548474423994	Marionette	DEBUG	Setting recommended pref datareporting.policy.dataSubmissionPolicyAccepted to false
1548474423994	Marionette	DEBUG	Setting recommended pref dom.disable_beforeunload to true
1548474423994	Marionette	DEBUG	Setting recommended pref dom.file.createInChild to true
1548474423995	Marionette	DEBUG	Setting recommended pref toolkit.cosmeticAnimations.enabled to false
1548474424060	Marionette	INFO	Listening on port 1925
1548474424060	Marionette	DEBUG	Remote service is active
1548474424164	Marionette	DEBUG	Accepted connection 0 from 127.0.0.1:1951
1548474424167	Marionette	TRACE	0 -> [0,1,"newSession",{"acceptInsecureCerts":true,"browserName":"firefox","capabilities":{"desiredCapabilities":{"acceptInsecureCerts":true,"browserName":"firefox"}}}]
1548474424167	Marionette	TRACE	0 <- [1,1,{"error":"unknown command","message":"newSession","stacktrace":"WebDriverError@chrome://marionette/content/error.js:178: ... et@chrome://marionette/content/server.js:236:8\n_onJSONObjectReady/<@chrome://marionette/content/transport.js:490:9\n"},null]
1548474424178	Marionette	DEBUG	Closed connection 0
JavaScript error: https://ss1.bdstatic.com/5eN1bjq8AAUYm2zgoY3K/r/www/cache/static/protocol/https/plugins/every_cookie_4644b13.js, line 4: ReferenceError: c is not defined
JavaScript warning: https://csdnimg.cn/public/common/libs/jquery/jquery-1.9.1.min.js, line 1: Using //@ to indicate sourceMappingURL pragmas is deprecated. Use //# instead
JavaScript warning: https://csdnimg.cn/rabbit/exposure-click/main-1.0.6.js, line 556: unreachable code after return statement
JavaScript warning: https://csdnimg.cn/rabbit/exposure-click/main-1.0.6.js, line 556: unreachable code after return statement
JavaScript error: resource://gre/modules/WebProgressChild.jsm, line 58: TypeError: this.mm.content is null
JavaScript warning: https://csdnimg.cn/public/common/libs/jquery/jquery-1.9.1.min.js, line 1: Using //@ to indicate sourceMappingURL pragmas is deprecated. Use //# instead
JavaScript warning: https://csdnimg.cn/rabbit/exposure-click/main-1.0.6.js, line 556: unreachable code after return statement
JavaScript warning: https://csdnimg.cn/rabbit/exposure-click/main-1.0.6.js, line 556: unreachable code after return statement
JavaScript warning: https://csdnimg.cn/public/common/libs/jquery/jquery-1.9.1.min.js, line 1: Using //@ to indicate sourceMappingURL pragmas is deprecated. Use //# instead
JavaScript warning: https://csdnimg.cn/rabbit/exposure-click/main-1.0.6.js, line 556: unreachable code after return statement
JavaScript warning: https://csdnimg.cn/rabbit/exposure-click/main-1.0.6.js, line 556: unreachable code after return statement
JavaScript error: resource://gre/modules/WebProgressChild.jsm, line 58: TypeError: this.mm.content is null
[Parent 2612, Gecko_IOThread] WARNING: pipe error: 109: file z:/build/build/src/ipc/chromium/src/chrome/common/ipc_channel_win.cc, line 346
JavaScript error: resource://gre/modules/WebProgressChild.jsm, line 58: TypeError: this.mm.content is null
[Child 5720, Chrome_ChildThread] WARNING: pipe error: 109: file z:/build/build/src/ipc/chromium/src/chrome/common/ipc_channel_win.cc, line 346
1548474552399	Marionette	DEBUG	Received observer notification xpcom-will-shutdown
1548474552399	Marionette	DEBUG	Resetting recommended pref app.normandy.api_url
1548474552399	Marionette	DEBUG	Resetting recommended pref app.update.disabledForTesting
1548474552400	Marionette	DEBUG	Resetting recommended pref security.turn_off_all_security_so_that_viruses_can_take_over_this_computer
1548474552400	Marionette	DEBUG	Resetting recommended pref browser.contentblocking.introCount
1548474552400	Marionette	DEBUG	Resetting recommended pref browser.safebrowsing.passwords.enabled
1548474552400	Marionette	DEBUG	Resetting recommended pref browser.urlbar.suggest.searches
1548474552401	Marionette	DEBUG	Resetting recommended pref datareporting.policy.dataSubmissionPolicyAccepted
1548474552401	Marionette	DEBUG	Resetting recommended pref dom.disable_beforeunload
1548474552402	Marionette	DEBUG	Resetting recommended pref dom.file.createInChild
1548474552403	Marionette	DEBUG	Resetting recommended pref toolkit.cosmeticAnimations.enabled
1548474552405	Marionette	INFO	Stopped listening on port 1925
1548474552405	Marionette	DEBUG	Remote service is inactive

###!!! [Child][MessageChannel::SendAndWait] Error: Channel error: cannot send/recv

1548475194910	geckodriver	INFO	geckodriver 0.20.0
1548475194918	geckodriver	INFO	Listening on 127.0.0.1:3713
1548475224568	geckodriver	INFO	geckodriver 0.20.0
1548475224584	geckodriver	INFO	Listening on 127.0.0.1:3728
1548475227648	mozrunner::runner	INFO	Running command: "D:\\Program Files\\Mozilla Firefox\\firefox.exe" "-marionette" "-profile" "C:\\Users\\HMI_test\\AppData\\Local\\Temp\\rust_mozprofile.NeO02uSqZSK9"
1548475229145	addons.webextension.screenshots@mozilla.org	WARN	Loading extension 'screenshots@mozilla.org': Reading manifest: Invalid host permission: resource://pdf.js/
1548475229145	addons.webextension.screenshots@mozilla.org	WARN	Loading extension 'screenshots@mozilla.org': Reading manifest: Invalid host permission: about:reader*
1548475229288	Marionette	DEBUG	Received observer notification profile-after-change
1548475229357	Marionette	DEBUG	Received observer notification toplevel-window-ready
1548475229420	Marionette	DEBUG	Received observer notification command-line-startup
1548475229420	Marionette	DEBUG	Received observer notification nsPref:changed
1548475229421	Marionette	DEBUG	Init aborted (running=false, enabled=true, finalUIStartup=false)
1548475229506	Marionette	DEBUG	Received observer notification toplevel-window-ready
1548475231571	Marionette	DEBUG	Received observer notification sessionstore-windows-restored
1548475231571	Marionette	DEBUG	GFX sanity window detected, waiting until it has been closed...
1548475231717	Marionette	DEBUG	Received observer notification domwindowclosed
1548475231718	Marionette	DEBUG	Waiting for delayed startup...
1548475231959	Marionette	DEBUG	Setting recommended pref app.update.disabledForTesting to true
1548475231960	Marionette	DEBUG	Setting recommended pref security.turn_off_all_security_so_that_viruses_can_take_over_this_computer to true
1548475231960	Marionette	DEBUG	Setting recommended pref browser.contentblocking.introCount to 99
1548475231960	Marionette	DEBUG	Setting recommended pref browser.newtabpage.enabled to false
1548475231963	Marionette	DEBUG	Setting recommended pref datareporting.policy.dataSubmissionPolicyAccepted to false
1548475231963	Marionette	DEBUG	Setting recommended pref dom.disable_beforeunload to true
1548475231963	Marionette	DEBUG	Setting recommended pref toolkit.cosmeticAnimations.enabled to false
1548475232035	Marionette	INFO	Listening on port 3736
1548475232036	Marionette	DEBUG	Remote service is active
1548475232991	Marionette	DEBUG	Accepted connection 0 from 127.0.0.1:3772
1548475232993	Marionette	TRACE	0 -> [0,1,"newSession",{"acceptInsecureCerts":true,"browserName":"firefox","capabilities":{"desiredCapabilities":{"acceptInsecureCerts":true,"browserName":"firefox"}}}]
1548475232994	Marionette	TRACE	0 <- [1,1,{"error":"unknown command","message":"newSession","stacktrace":"WebDriverError@chrome://marionette/content/error.js:178: ... et@chrome://marionette/content/server.js:236:8\n_onJSONObjectReady/<@chrome://marionette/content/transport.js:490:9\n"},null]
[Child 2980, Chrome_ChildThread] WARNING: pipe error: 109: file z:/build/build/src/ipc/chromium/src/chrome/common/ipc_channel_win.cc, line 346
[Child 2980, Chrome_ChildThread] WARNING: pipe error: 109: file z:/build/build/src/ipc/chromium/src/chrome/common/ipc_channel_win.cc, line 346
[Parent 8808, Gecko_IOThread] WARNING: pipe error: 109: file z:/build/build/src/ipc/chromium/src/chrome/common/ipc_channel_win.cc, line 346
1548475279743	Marionette	DEBUG	Closed connection 0
[Child 6888, Chrome_ChildThread] WARNING: pipe error: 109: file z:/build/build/src/ipc/chromium/src/chrome/common/ipc_channel_win.cc, line 346
[Child 6888, Chrome_ChildThread] WARNING: pipe error: 109: file z:/build/build/src/ipc/chromium/src/chrome/common/ipc_channel_win.cc, line 346
[Child 3744, Chrome_ChildThread] WARNING: pipe error: 109: file z:/build/build/src/ipc/chromium/src/chrome/common/ipc_channel_win.cc, line 346
[Child 3744, Chrome_ChildThread] WARNING: pipe error: 109: file z:/build/build/src/ipc/chromium/src/chrome/common/ipc_channel_win.cc, line 346
1548475279963	Marionette	DEBUG	Received observer notification xpcom-will-shutdown
1548475279963	Marionette	DEBUG	Resetting recommended pref app.update.disabledForTesting
1548475279963	Marionette	DEBUG	Resetting recommended pref security.turn_off_all_security_so_that_viruses_can_take_over_this_computer
1548475279963	Marionette	DEBUG	Resetting recommended pref browser.contentblocking.introCount
1548475279963	Marionette	DEBUG	Resetting recommended pref browser.newtabpage.enabled
1548475279964	Marionette	DEBUG	Resetting recommended pref datareporting.policy.dataSubmissionPolicyAccepted
1548475279964	Marionette	DEBUG	Resetting recommended pref dom.disable_beforeunload
1548475279964	Marionette	DEBUG	Resetting recommended pref toolkit.cosmeticAnimations.enabled
1548475279964	Marionette	INFO	Stopped listening on port 3736
1548475279965	Marionette	DEBUG	Remote service is inactive
[GPU 9904, Chrome_ChildThread] WARNING: pipe error: 109: file z:/build/build/src/ipc/chromium/src/chrome/common/ipc_channel_win.cc, line 346

###!!! [Child][MessageChannel::SendAndWait] Error: Channel error: cannot send/recv

1548475280734	geckodriver::marionette	ERROR	Failed to stop browser process
